<?xml version="1.0" encoding="UTF-8"?>
<!-- Generated by org.testng.reporters.JUnitReportReporter -->
<testsuite hostname="IP-MTY-AVALOS" failures="0" tests="1" name="com.opensource.admin.qa.TC001_Admin_SearchEmployee" time="5.958" errors="0" timestamp="10 Jul 2021 13:45:12 GMT" skipped="0">
  <testcase classname="com.opensource.admin.qa.TC001_Admin_SearchEmployee" name="TC001_Admin_SearchEmployee_Script" time="5.958"/>
</testsuite> <!-- com.opensource.admin.qa.TC001_Admin_SearchEmployee -->
