<?xml version="1.0" encoding="UTF-8"?>
<!-- Generated by org.testng.reporters.JUnitReportReporter -->
<testsuite hostname="IP-MTY-AVALOS" failures="0" tests="1" name="com.opensource.admin.qa.TC003_Admin_AddNewUser" time="8.351" errors="0" timestamp="26 Jun 2021 15:56:54 GMT" skipped="0">
  <testcase classname="com.opensource.admin.qa.TC003_Admin_AddNewUser" name="TC003_Admin_AddNewUser_Script" time="8.351"/>
</testsuite> <!-- com.opensource.admin.qa.TC003_Admin_AddNewUser -->
