<?xml version="1.0" encoding="UTF-8"?>
<!-- Generated by org.testng.reporters.JUnitReportReporter -->
<testsuite hostname="IP-MTY-AVALOS" failures="0" tests="1" name="com.opensource.admin.qa.TC001_Admin_SearchEmployee" time="6.472" errors="0" timestamp="13 Nov 2021 13:24:05 GMT" skipped="0">
  <testcase classname="com.opensource.admin.qa.TC001_Admin_SearchEmployee" name="TC001_Admin_SearchEmployee_Script" time="6.472"/>
</testsuite> <!-- com.opensource.admin.qa.TC001_Admin_SearchEmployee -->
