<?xml version="1.0" encoding="UTF-8"?>
<!-- Generated by org.testng.reporters.JUnitReportReporter -->
<testsuite hostname="IP-MTY-AVALOS" failures="0" tests="1" name="com.opensource.admin.qa.TC006_Admin_Search_Employee_POM" time="5.005" errors="0" timestamp="09 Jul 2021 02:40:37 GMT" skipped="0">
  <testcase classname="com.opensource.admin.qa.TC006_Admin_Search_Employee_POM" name="TC006_Admin_Search_Employee_POM_Script" time="5.005"/>
</testsuite> <!-- com.opensource.admin.qa.TC006_Admin_Search_Employee_POM -->
