<?xml version="1.0" encoding="UTF-8"?>
<!-- Generated by org.testng.reporters.JUnitReportReporter -->
<testsuite hostname="IP-MTY-AVALOS" failures="0" tests="1" name="ssss.NewTest" time="2.763" errors="0" timestamp="05 Jun 2021 12:56:25 GMT" skipped="0">
  <testcase classname="ssss.NewTest" name="f" time="2.763"/>
</testsuite> <!-- ssss.NewTest -->
