<?xml version="1.0" encoding="UTF-8"?>
<!-- Generated by org.testng.reporters.JUnitReportReporter -->
<testsuite hostname="IP-MTY-AVALOS" failures="0" tests="1" name="com.google.GoogleTest" time="7.170" errors="0" timestamp="13 Nov 2021 13:24:05 GMT" skipped="0">
  <testcase classname="com.google.GoogleTest" name="tc001Google" time="7.170"/>
</testsuite> <!-- com.google.GoogleTest -->
