<?xml version="1.0" encoding="UTF-8"?>
<!-- Generated by org.testng.reporters.JUnitReportReporter -->
<testsuite hostname="IP-MTY-AVALOS" failures="0" tests="2" name="com.opensource.admin.qa.TC001_AdminSearchEmployee_POM" time="9.884" errors="0" timestamp="09 Jul 2021 01:04:45 GMT" skipped="0">
  <testcase classname="com.opensource.admin.qa.TC001_AdminSearchEmployee_POM" name="TC001_AdminSearchEmployee_POM_Script" time="4.873"/>
  <testcase classname="com.opensource.admin.qa.TC001_AdminSearchEmployee_POM" name="TC001_AdminSearchEmployee_POM_Script" time="5.011"/>
</testsuite> <!-- com.opensource.admin.qa.TC001_AdminSearchEmployee_POM -->
