<?xml version="1.0" encoding="UTF-8"?>
<!-- Generated by org.testng.reporters.JUnitReportReporter -->
<testsuite hostname="IP-MTY-AVALOS" failures="0" tests="1" name="com.google.GoogleTest" time="2.810" errors="0" timestamp="05 Jun 2021 15:49:00 GMT" skipped="0">
  <testcase classname="com.google.GoogleTest" name="f" time="2.810"/>
</testsuite> <!-- com.google.GoogleTest -->
