<?xml version="1.0" encoding="UTF-8"?>
<!-- Generated by org.testng.reporters.JUnitReportReporter -->
<testsuite hostname="IP-MTY-AVALOS" failures="0" tests="1" name="com.opensource.admin.qa.TC001_AdminSearchEmployee_POM" time="42.346" errors="0" timestamp="03 Jul 2021 16:19:44 GMT" skipped="0">
  <testcase classname="com.opensource.admin.qa.TC001_AdminSearchEmployee_POM" name="TC001_AdminSearchEmployee_POM_Script" time="42.346"/>
</testsuite> <!-- com.opensource.admin.qa.TC001_AdminSearchEmployee_POM -->
